<?xml version="1.0" encoding="UTF-8"?>
<!-- Generated by org.testng.reporters.JUnitXMLReporter -->
<testsuite ignored="1" hostname="Karthik" failures="0" tests="1" name="Default test" time="7.118" errors="0" timestamp="2025-12-31T08:50:20 IST">
  <testcase classname="karthikakkasaligar.Test.ErrorValidationTest" name="CartValidationTest" time="3.685"/>
  <testcase classname="karthikakkasaligar.Test.ErrorValidationTest" name="LoginTextVerification" time="0.0">
    <ignored/>
  </testcase> <!-- LoginTextVerification -->
</testsuite> <!-- Default test -->
