<?xml version="1.0" encoding="UTF-8"?>
<!-- Generated by org.testng.reporters.JUnitXMLReporter -->
<testsuite ignored="0" hostname="Karthik" failures="0" tests="2" name="Error Validation Test" time="8.896" errors="0" timestamp="2025-12-26T21:37:55 IST">
  <testcase classname="karthikakkasaligar.Test.ErrorValidationTest" name="CartValidationTest" time="3.598"/>
  <testcase classname="karthikakkasaligar.Test.ErrorValidationTest" name="EcommerceApplication" time="0.552"/>
</testsuite> <!-- Error Validation Test -->
